Using pre-set license
Built from '2020.2/staging' branch; Version is '2020.2.3f1 (8ff31bc5bf5b) revision 9433883'; Using compiler version '192528614'; Build Type 'Release'
OS: 'Windows 10 Education; OS build 19042.867; Version 2009; 64bit' Language: 'tr' Physical Memory: 8085 MB
BatchMode: 1, IsHumanControllingUs: 0, StartBugReporterOnCrash: 0, Is64bit: 1, IsPro: 0

 COMMAND LINE ARGUMENTS:
C:\Program Files\Unity\Hub\Editor\2020.2.3f1\Editor\Unity.exe
-adb2
-batchMode
-noUpm
-name
AssetImportWorker0
-projectPath
C:/Users/oztur/Unity Projects/AR Portal/AR Portal
-logFile
Logs/AssetImportWorker0.log
-srvPort
62325
Successfully changed project path to: C:/Users/oztur/Unity Projects/AR Portal/AR Portal
C:/Users/oztur/Unity Projects/AR Portal/AR Portal
Using Asset Import Pipeline V2.
Refreshing native plugins compatible for Editor in 106.84 ms, found 0 plugins.
Preloading 0 native plugins for Editor in 0.00 ms.
Initialize engine version: 2020.2.3f1 (8ff31bc5bf5b)
[Subsystems] Discovering subsystems at path C:/Program Files/Unity/Hub/Editor/2020.2.3f1/Editor/Data/Resources/UnitySubsystems
[Subsystems] Discovering subsystems at path C:/Users/oztur/Unity Projects/AR Portal/AR Portal/Assets
GfxDevice: creating device client; threaded=0
Direct3D:
    Version:  Direct3D 11.0 [level 11.0]
    Renderer: Intel(R) HD Graphics (ID=0x152)
    Vendor:   
    VRAM:     128 MB
    Driver:   10.18.10.5161
Initialize mono
Mono path[0] = 'C:/Program Files/Unity/Hub/Editor/2020.2.3f1/Editor/Data/Managed'
Mono path[1] = 'C:/Program Files/Unity/Hub/Editor/2020.2.3f1/Editor/Data/MonoBleedingEdge/lib/mono/unityjit'
Mono config path = 'C:/Program Files/Unity/Hub/Editor/2020.2.3f1/Editor/Data/MonoBleedingEdge/etc'
Using monoOptions --debugger-agent=transport=dt_socket,embedding=1,server=y,suspend=n,address=127.0.0.1:56340
Begin MonoManager ReloadAssembly
Registering precompiled unity dll's ...
Register platform support module: C:/Program Files/Unity/Hub/Editor/2020.2.3f1/Editor/Data/PlaybackEngines/WindowsStandaloneSupport/UnityEditor.WindowsStandalone.Extensions.dll
Registered in 0.003012 seconds.
Native extension for WindowsStandalone target not found
Refreshing native plugins compatible for Editor in 74.08 ms, found 0 plugins.
Preloading 0 native plugins for Editor in 0.00 ms.
Invoked RoslynAnalysisRunner static constructor.
RoslynAnalysisRunner will not be running.
RoslynAnalysisRunner has terminated.
Mono: successfully reloaded assembly
- Completed reload, in  3.301 seconds
Platform modules already initialized, skipping
Registering precompiled user dll's ...
Registered in 0.012644 seconds.
Begin MonoManager ReloadAssembly
Native extension for WindowsStandalone target not found
Refreshing native plugins compatible for Editor in 66.87 ms, found 0 plugins.
Preloading 0 native plugins for Editor in 0.00 ms.
Invoked RoslynAnalysisRunner static constructor.
RoslynAnalysisRunner will not be running.
RoslynAnalysisRunner has terminated.
Mono: successfully reloaded assembly
- Completed reload, in  1.651 seconds
Platform modules already initialized, skipping
========================================================================
Worker process is ready to serve import requests
Launched and connected shader compiler UnityShaderCompiler.exe after 0.25 seconds
Refreshing native plugins compatible for Editor in 0.61 ms, found 0 plugins.
Preloading 0 native plugins for Editor in 0.00 ms.
Unloading 2193 Unused Serialized files (Serialized files now loaded: 0)
System memory in use before: 91.1 MB.
System memory in use after: 91.1 MB.

Unloading 19 unused Assets to reduce memory usage. Loaded Objects now: 2630.
Total: 3.576900 ms (FindLiveObjects: 0.358700 ms CreateObjectMapping: 0.289900 ms MarkObjects: 2.768100 ms  DeleteObjects: 0.158000 ms)

========================================================================
Received Import Request.
  path: Assets/Cas-Sum_Man_RtStand_diffuse_366.png
  artifactKey: Guid(1847c52e796cee740ba57d1625349b69) Importer(815301076,1909f56bfc062723c751e8b465ee728b)
Start importing Assets/Cas-Sum_Man_RtStand_diffuse_366.png using Guid(1847c52e796cee740ba57d1625349b69) Importer(815301076,1909f56bfc062723c751e8b465ee728b)  -> (artifact id: '57d8805fe2758161624f2c90167f096a') in 0.303752 seconds
  Import took 0.324088 seconds .

========================================================================
Received Import Request.
  Time since last request: 33.182682 seconds.
  path: Assets/Cas-Sum_Man_RtStand_diffuse_366.png
  artifactKey: Guid(1847c52e796cee740ba57d1625349b69) Importer(815301076,1909f56bfc062723c751e8b465ee728b)
Start importing Assets/Cas-Sum_Man_RtStand_diffuse_366.png using Guid(1847c52e796cee740ba57d1625349b69) Importer(815301076,1909f56bfc062723c751e8b465ee728b)  -> (artifact id: '88e89095b11180da3deca36aaea4562d') in 0.021637 seconds
  Import took 0.031089 seconds .

========================================================================
Received Import Request.
  Time since last request: 53.402757 seconds.
  path: Assets/Cas-Sum_Man_RtStand_366.FBX
  artifactKey: Guid(1f14f3f132bbc5642980674be85cffd2) Importer(815301076,1909f56bfc062723c751e8b465ee728b)
Start importing Assets/Cas-Sum_Man_RtStand_366.FBX using Guid(1f14f3f132bbc5642980674be85cffd2) Importer(815301076,1909f56bfc062723c751e8b465ee728b)  -> (artifact id: '31a30480859a829947edabf50b1c63a9') in 0.609217 seconds
  Import took 0.639243 seconds .

========================================================================
Received Import Request.
  Time since last request: 36.359603 seconds.
  path: Assets/Prefabs/Portal.prefab
  artifactKey: Guid(15f2558d312768c48bdf39cfecc6ff32) Importer(815301076,1909f56bfc062723c751e8b465ee728b)
Start importing Assets/Prefabs/Portal.prefab using Guid(15f2558d312768c48bdf39cfecc6ff32) Importer(815301076,1909f56bfc062723c751e8b465ee728b)  -> (artifact id: '718ed35c26622ea5e034446f2995af84') in 0.695698 seconds
  Import took 0.764242 seconds .

